<?xml version="1.0" encoding="UTF-8"?>
<!-- Generated by org.testng.reporters.JUnitReportReporter -->
<testsuite hostname="DESKTOP-ID460RF" failures="0" tests="1" name="com.qa.hubspot.tests.LoginPageTest" time="5.134" errors="0" timestamp="04 Aug 2020 03:48:54 GMT" skipped="0">
  <testcase classname="com.qa.hubspot.tests.LoginPageTest" name="verifySignUpLinkTest" time="5.134"/>
</testsuite> <!-- com.qa.hubspot.tests.LoginPageTest -->
